<?xml version="1.0" encoding="UTF-8"?>
<!-- Generated by org.testng.reporters.JUnitReportReporter -->
<testsuite hostname="DESKTOP-LD88KNN" failures="0" tests="1" name="com.tests.LoginTest" time="33.253" errors="0" timestamp="2022-11-15T11:19:58 IST" skipped="0">
  <testcase classname="com.tests.LoginTest" name="loginPepper" time="33.253"/>
  <system-out/>
</testsuite> <!-- com.tests.LoginTest -->
